#! /usr/bin/vvp
:ivl_version "10.1 (stable)" "(v10_1)";
:ivl_delay_selection "TYPICAL";
:vpi_time_precision + 0;
:vpi_module "system";
:vpi_module "vhdl_sys";
:vpi_module "v2005_math";
:vpi_module "va_math";
S_0x14f9530 .scope module, "test" "test" 2 37;
 .timescale 0 0;
v0x151c750_0 .var "p1_a", 0 0;
v0x151c810_0 .var "p1_b", 0 0;
v0x151c8e0_0 .var "p1_c", 0 0;
v0x151c9e0_0 .var "p2_a", 0 0;
v0x151cab0_0 .var "p2_b", 0 0;
v0x151cba0_0 .var "p2_c", 0 0;
v0x151cc70_0 .net "s1", 0 0, L_0x151d400;  1 drivers
v0x151cd40_0 .net "s2", 0 0, L_0x151cf00;  1 drivers
S_0x14f9180 .scope module, "B" "batalha" 2 42, 2 3 0, S_0x14f9530;
 .timescale 0 0;
    .port_info 0 /INPUT 1 "p1_a"
    .port_info 1 /INPUT 1 "p1_b"
    .port_info 2 /INPUT 1 "p1_c"
    .port_info 3 /INPUT 1 "p2_a"
    .port_info 4 /INPUT 1 "p2_b"
    .port_info 5 /INPUT 1 "p2_c"
    .port_info 6 /OUTPUT 1 "s1"
    .port_info 7 /OUTPUT 1 "s2"
L_0x151ce10 .functor NOT 1, L_0x151d400, C4<0>, C4<0>, C4<0>;
L_0x151cf00 .functor AND 1, v0x151c590_0, L_0x151ce10, C4<1>, C4<1>;
L_0x151d010 .functor BUFZ 1, v0x151c810_0, C4<0>, C4<0>, C4<0>;
L_0x151d0d0 .functor BUFZ 1, v0x151c8e0_0, C4<0>, C4<0>, C4<0>;
L_0x151d190 .functor BUFZ 1, v0x151c750_0, C4<0>, C4<0>, C4<0>;
L_0x151d250 .functor XNOR 1, v0x151c750_0, v0x151c810_0, C4<0>, C4<0>;
L_0x151d300 .functor XNOR 1, v0x151c810_0, v0x151c8e0_0, C4<0>, C4<0>;
L_0x151d400 .functor AND 1, L_0x151d250, L_0x151d300, C4<1>, C4<1>;
v0x14f8cb0_0 .net *"_s0", 0 0, L_0x151ce10;  1 drivers
v0x151bae0_0 .net *"_s10", 0 0, L_0x151d250;  1 drivers
v0x151bba0_0 .net *"_s12", 0 0, L_0x151d300;  1 drivers
v0x151bc70_0 .net "e_a", 0 0, L_0x151d010;  1 drivers
v0x151bd30_0 .net "e_b", 0 0, L_0x151d0d0;  1 drivers
v0x151be40_0 .net "e_c", 0 0, L_0x151d190;  1 drivers
v0x151bf00_0 .net "p1_a", 0 0, v0x151c750_0;  1 drivers
v0x151bfc0_0 .net "p1_b", 0 0, v0x151c810_0;  1 drivers
v0x151c080_0 .net "p1_c", 0 0, v0x151c8e0_0;  1 drivers
v0x151c1d0_0 .net "p2_a", 0 0, v0x151c9e0_0;  1 drivers
v0x151c290_0 .net "p2_b", 0 0, v0x151cab0_0;  1 drivers
v0x151c350_0 .net "p2_c", 0 0, v0x151cba0_0;  1 drivers
v0x151c410_0 .net "s1", 0 0, L_0x151d400;  alias, 1 drivers
v0x151c4d0_0 .net "s2", 0 0, L_0x151cf00;  alias, 1 drivers
v0x151c590_0 .var "s2_r", 0 0;
E_0x14f9340/0 .event edge, v0x151c350_0, v0x151c290_0, v0x151c1d0_0, v0x151be40_0;
E_0x14f9340/1 .event edge, v0x151bd30_0, v0x151bc70_0;
E_0x14f9340 .event/or E_0x14f9340/0, E_0x14f9340/1;
    .scope S_0x14f9180;
T_0 ;
    %wait E_0x14f9340;
    %load/vec4 v0x151bc70_0;
    %load/vec4 v0x151c1d0_0;
    %cmp/e;
    %flag_get/vec4 4;
    %load/vec4 v0x151bd30_0;
    %load/vec4 v0x151c290_0;
    %cmp/e;
    %flag_get/vec4 4;
    %and;
    %load/vec4 v0x151be40_0;
    %load/vec4 v0x151c350_0;
    %cmp/e;
    %flag_get/vec4 4;
    %and;
    %assign/vec4 v0x151c590_0, 0;
    %jmp T_0;
    .thread T_0, $push;
    .scope S_0x14f9530;
T_1 ;
    %vpi_call 2 46 "$dumpvars", 32'sb00000000000000000000000000000000, S_0x14f9180 {0 0 0};
    %delay 2, 0;
    %pushi/vec4 0, 0, 1;
    %assign/vec4 v0x151c750_0, 0;
    %pushi/vec4 0, 0, 1;
    %assign/vec4 v0x151c810_0, 0;
    %pushi/vec4 0, 0, 1;
    %assign/vec4 v0x151c8e0_0, 0;
    %pushi/vec4 0, 0, 1;
    %assign/vec4 v0x151c9e0_0, 0;
    %pushi/vec4 0, 0, 1;
    %assign/vec4 v0x151cab0_0, 0;
    %pushi/vec4 0, 0, 1;
    %assign/vec4 v0x151cba0_0, 0;
    %delay 2, 0;
    %pushi/vec4 1, 0, 1;
    %assign/vec4 v0x151c750_0, 0;
    %pushi/vec4 1, 0, 1;
    %assign/vec4 v0x151c810_0, 0;
    %pushi/vec4 0, 0, 1;
    %assign/vec4 v0x151c8e0_0, 0;
    %pushi/vec4 1, 0, 1;
    %assign/vec4 v0x151c9e0_0, 0;
    %pushi/vec4 0, 0, 1;
    %assign/vec4 v0x151cab0_0, 0;
    %pushi/vec4 1, 0, 1;
    %assign/vec4 v0x151cba0_0, 0;
    %delay 2, 0;
    %end;
    .thread T_1;
# The file index is used to find the file name in the following table.
:file_names 3;
    "N/A";
    "<interactive>";
    "batalha.v";
