#! /usr/bin/vvp
:ivl_version "0.9.7 " "(v0_9_7)";
:vpi_time_precision + 0;
:vpi_module "system";
:vpi_module "v2005_math";
:vpi_module "va_math";
S_0x1303350 .scope module, "onda" "onda" 2 1;
 .timescale 0 0;
v0x1303470_0 .var "clock", 0 0;
v0x13349f0_0 .var "x", 0 0;
E_0x1303440 .event posedge, v0x1303470_0;
    .scope S_0x1303350;
T_0 ;
    %set/v v0x1303470_0, 0, 1;
    %end;
    .thread T_0;
    .scope S_0x1303350;
T_1 ;
    %set/v v0x13349f0_0, 0, 1;
    %end;
    .thread T_1;
    .scope S_0x1303350;
T_2 ;
    %vpi_call 2 7 "$dumpvars", 1'sb0, v0x13349f0_0, v0x1303470_0;
    %delay 100, 0;
    %vpi_call 2 8 "$finish";
    %end;
    .thread T_2;
    .scope S_0x1303350;
T_3 ;
    %delay 2, 0;
    %load/v 8, v0x1303470_0, 1;
    %inv 8, 1;
    %ix/load 0, 1, 0;
    %assign/v0 v0x1303470_0, 0, 8;
    %jmp T_3;
    .thread T_3;
    .scope S_0x1303350;
T_4 ;
    %wait E_0x1303440;
    %load/v 8, v0x13349f0_0, 1;
    %inv 8, 1;
    %set/v v0x13349f0_0, 8, 1;
    %jmp T_4;
    .thread T_4;
# The file index is used to find the file name in the following table.
:file_names 3;
    "N/A";
    "<interactive>";
    "onda.v";
