#! /usr/bin/vvp
:ivl_version "10.0 (stable)";
:ivl_delay_selection "TYPICAL";
:vpi_time_precision + 0;
:vpi_module "system";
:vpi_module "vhdl_sys";
:vpi_module "v2005_math";
:vpi_module "va_math";
S_0x55879f0bdd10 .scope module, "testbench" "testbench" 2 37;
 .timescale 0 0;
v0x55879f0e31a0_0 .var "clk", 0 0;
v0x55879f0e3240_0 .var "key", 0 0;
v0x55879f0e3310_0 .net "ledg", 0 0, L_0x55879f0e3410;  1 drivers
S_0x55879f0bde90 .scope module, "Leds1" "piscaleds1" 2 43, 2 1 0, S_0x55879f0bdd10;
 .timescale 0 0;
    .port_info 0 /INPUT 1 "CLOCK_50"
    .port_info 1 /INPUT 1 "KEY"
    .port_info 2 /OUTPUT 1 "LEDG"
L_0x55879f0e3410 .functor BUFZ 1, v0x55879f0e2f30_0, C4<0>, C4<0>, C4<0>;
v0x55879f085b40_0 .net "CLOCK_50", 0 0, v0x55879f0e31a0_0;  1 drivers
v0x55879f0e2c80_0 .net "KEY", 0 0, v0x55879f0e3240_0;  1 drivers
v0x55879f0e2d60_0 .net "LEDG", 0 0, L_0x55879f0e3410;  alias, 1 drivers
v0x55879f0e2e50_0 .var "contador", 26 0;
v0x55879f0e2f30_0 .var "l", 0 0;
v0x55879f0e3040_0 .var "passo", 5 0;
E_0x55879f0be590 .event posedge, v0x55879f085b40_0;
    .scope S_0x55879f0bde90;
T_0 ;
    %pushi/vec4 0, 0, 27;
    %store/vec4 v0x55879f0e2e50_0, 0, 27;
    %end;
    .thread T_0;
    .scope S_0x55879f0bde90;
T_1 ;
    %pushi/vec4 0, 0, 1;
    %store/vec4 v0x55879f0e2f30_0, 0, 1;
    %end;
    .thread T_1;
    .scope S_0x55879f0bde90;
T_2 ;
    %pushi/vec4 1, 0, 6;
    %store/vec4 v0x55879f0e3040_0, 0, 6;
    %end;
    .thread T_2;
    .scope S_0x55879f0bde90;
T_3 ;
    %wait E_0x55879f0be590;
    %load/vec4 v0x55879f0e2c80_0;
    %pad/u 32;
    %cmpi/e 1, 0, 32;
    %jmp/0xz  T_3.0, 4;
    %pushi/vec4 1, 0, 6;
    %store/vec4 v0x55879f0e3040_0, 0, 6;
    %jmp T_3.1;
T_3.0 ;
    %pushi/vec4 5, 0, 6;
    %store/vec4 v0x55879f0e3040_0, 0, 6;
T_3.1 ;
    %pushi/vec4 50000000, 0, 32;
    %load/vec4 v0x55879f0e2e50_0;
    %pad/u 32;
    %cmp/u;
    %flag_or 5, 4;
    %jmp/0xz  T_3.2, 5;
    %pushi/vec4 0, 0, 27;
    %store/vec4 v0x55879f0e2e50_0, 0, 27;
    %load/vec4 v0x55879f0e2f30_0;
    %inv;
    %store/vec4 v0x55879f0e2f30_0, 0, 1;
    %jmp T_3.3;
T_3.2 ;
    %load/vec4 v0x55879f0e2e50_0;
    %load/vec4 v0x55879f0e3040_0;
    %pad/u 27;
    %add;
    %store/vec4 v0x55879f0e2e50_0, 0, 27;
T_3.3 ;
    %jmp T_3;
    .thread T_3;
    .scope S_0x55879f0bdd10;
T_4 ;
    %pushi/vec4 0, 0, 1;
    %store/vec4 v0x55879f0e31a0_0, 0, 1;
    %end;
    .thread T_4;
    .scope S_0x55879f0bdd10;
T_5 ;
    %delay 2, 0;
    %load/vec4 v0x55879f0e31a0_0;
    %inv;
    %store/vec4 v0x55879f0e31a0_0, 0, 1;
    %jmp T_5;
    .thread T_5;
    .scope S_0x55879f0bdd10;
T_6 ;
    %vpi_call 2 48 "$dumpvars" {0 0 0};
    %pushi/vec4 0, 0, 1;
    %assign/vec4 v0x55879f0e31a0_0, 0;
    %pushi/vec4 0, 0, 1;
    %assign/vec4 v0x55879f0e3240_0, 0;
    %delay 10000, 0;
    %pushi/vec4 1, 0, 1;
    %assign/vec4 v0x55879f0e3240_0, 0;
    %delay 10000, 0;
    %pushi/vec4 0, 0, 1;
    %assign/vec4 v0x55879f0e3240_0, 0;
    %delay 50000, 0;
    %vpi_call 2 58 "$finish" {0 0 0};
    %end;
    .thread T_6;
# The file index is used to find the file name in the following table.
:file_names 3;
    "N/A";
    "<interactive>";
    "piscaleds1.v";
