#! /usr/bin/vvp
:ivl_version "0.9.7 " "(v0_9_7)";
:vpi_time_precision + 0;
:vpi_module "system";
:vpi_module "v2005_math";
:vpi_module "va_math";
S_0x1b693f0 .scope module, "testbench" "testbench" 2 20;
 .timescale 0 0;
v0x1b78a00_0 .var "clk", 0 0;
v0x1b78ad0_0 .net "led", 0 0, v0x1b788b0_0; 1 drivers
S_0x1b694e0 .scope module, "Leds1" "pisca_leds" 2 25, 2 1, S_0x1b693f0;
 .timescale 0 0;
v0x1b449e0_0 .net "clk_in1", 0 0, v0x1b78a00_0; 1 drivers
v0x1b78810_0 .var "contador", 9 0;
v0x1b788b0_0 .var "l", 0 0;
v0x1b78950_0 .alias "led_out1", 0 0, v0x1b78ad0_0;
E_0x1b6a3d0 .event posedge, v0x1b449e0_0;
    .scope S_0x1b694e0;
T_0 ;
    %set/v v0x1b78810_0, 0, 10;
    %end;
    .thread T_0;
    .scope S_0x1b694e0;
T_1 ;
    %set/v v0x1b788b0_0, 0, 1;
    %end;
    .thread T_1;
    .scope S_0x1b694e0;
T_2 ;
    %wait E_0x1b6a3d0;
    %load/v 8, v0x1b78810_0, 10;
    %mov 18, 0, 22;
    %addi 8, 1, 32;
    %set/v v0x1b78810_0, 8, 10;
    %load/v 8, v0x1b78810_0, 10;
    %mov 18, 0, 1;
    %cmpi/u 8, 0, 11;
    %jmp/0xz  T_2.0, 4;
    %load/v 8, v0x1b788b0_0, 1;
    %inv 8, 1;
    %set/v v0x1b788b0_0, 8, 1;
T_2.0 ;
    %jmp T_2;
    .thread T_2;
    .scope S_0x1b693f0;
T_3 ;
    %set/v v0x1b78a00_0, 0, 1;
    %end;
    .thread T_3;
    .scope S_0x1b693f0;
T_4 ;
    %delay 2, 0;
    %load/v 8, v0x1b78a00_0, 1;
    %inv 8, 1;
    %set/v v0x1b78a00_0, 8, 1;
    %jmp T_4;
    .thread T_4;
    .scope S_0x1b693f0;
T_5 ;
    %vpi_call 2 30 "$dumpvars";
    %ix/load 0, 1, 0;
    %assign/v0 v0x1b78a00_0, 0, 0;
    %delay 50000, 0;
    %vpi_call 2 33 "$finish";
    %end;
    .thread T_5;
# The file index is used to find the file name in the following table.
:file_names 3;
    "N/A";
    "<interactive>";
    "pisca_leds.v";
